Thu Sep 17 20:37:36 2015 OpenVPN 2.3.2 x86_64-pc-linux-gnu [SSL (OpenSSL)] [LZO] [EPOLL] [PKCS11] [eurephia] [MH] [IPv6] built on Dec  1 2014
Thu Sep 17 20:37:36 2015 Control Channel Authentication: tls-auth using INLINE static key file
Thu Sep 17 20:37:36 2015 Outgoing Control Channel Authentication: Using 160 bit message hash 'SHA1' for HMAC authentication
Thu Sep 17 20:37:36 2015 Incoming Control Channel Authentication: Using 160 bit message hash 'SHA1' for HMAC authentication
Thu Sep 17 20:37:36 2015 UDPv4 link local: [undef]
Thu Sep 17 20:37:36 2015 UDPv4 link remote: [AF_INET]52.5.222.14:13725
Thu Sep 17 20:37:38 2015 WARNING: this configuration may cache passwords in memory -- use the auth-nocache option to prevent this
Thu Sep 17 20:37:38 2015 VERIFY OK: depth=1, O=55d780e8544a921b9043d18c, CN=55d780e8544a921b9043d190
Thu Sep 17 20:37:38 2015 Validating certificate key usage
Thu Sep 17 20:37:38 2015 ++ Certificate has key usage  00a0, expects 00a0
Thu Sep 17 20:37:38 2015 NOTE: --mute triggered...
Thu Sep 17 20:37:39 2015 10 variation(s) on previous 3 message(s) suppressed by --mute
Thu Sep 17 20:37:39 2015 [55d780e9544a921b9043d1a1] Peer Connection Initiated with [AF_INET]52.5.222.14:13725
Thu Sep 17 20:37:41 2015 TUN/TAP device tun0 opened
Thu Sep 17 20:37:41 2015 do_ifconfig, tt->ipv6=0, tt->did_ifconfig_ipv6_setup=0
Thu Sep 17 20:37:41 2015 /sbin/ip link set dev tun0 up mtu 1500
Thu Sep 17 20:37:41 2015 /sbin/ip addr add dev tun0 192.168.219.5/24 broadcast 192.168.219.255
Thu Sep 17 20:37:41 2015 Initialization Sequence Completed
Thu Sep 17 21:35:27 2015 write UDPv4: Network is unreachable (code=101)
Thu Sep 17 21:59:21 2015 [55d780e9544a921b9043d1a1] Inactivity timeout (--ping-restart), restarting
Thu Sep 17 21:59:21 2015 SIGUSR1[soft,ping-restart] received, process restarting
Thu Sep 17 21:59:23 2015 Control Channel Authentication: tls-auth using INLINE static key file
Thu Sep 17 21:59:23 2015 Outgoing Control Channel Authentication: Using 160 bit message hash 'SHA1' for HMAC authentication
Thu Sep 17 21:59:23 2015 Incoming Control Channel Authentication: Using 160 bit message hash 'SHA1' for HMAC authentication
Thu Sep 17 21:59:23 2015 UDPv4 link local: [undef]
Thu Sep 17 21:59:23 2015 UDPv4 link remote: [AF_INET]52.5.222.14:13725
Thu Sep 17 21:59:23 2015 write UDPv4: Network is unreachable (code=101)
Thu Sep 17 21:59:25 2015 write UDPv4: Network is unreachable (code=101)
Thu Sep 17 21:59:27 2015 Server poll timeout, restarting
Thu Sep 17 21:59:27 2015 SIGUSR1[soft,server_poll] received, process restarting
Thu Sep 17 21:59:27 2015 Control Channel Authentication: tls-auth using INLINE static key file
Thu Sep 17 21:59:27 2015 Outgoing Control Channel Authentication: Using 160 bit message hash 'SHA1' for HMAC authentication
Thu Sep 17 21:59:27 2015 Incoming Control Channel Authentication: Using 160 bit message hash 'SHA1' for HMAC authentication
Thu Sep 17 21:59:27 2015 UDPv4 link local: [undef]
Thu Sep 17 21:59:27 2015 UDPv4 link remote: [AF_INET]52.5.222.14:13725
Thu Sep 17 21:59:27 2015 write UDPv4: Network is unreachable (code=101)
Thu Sep 17 21:59:29 2015 write UDPv4: Network is unreachable (code=101)
Thu Sep 17 21:59:31 2015 Server poll timeout, restarting
Thu Sep 17 21:59:31 2015 SIGUSR1[soft,server_poll] received, process restarting
Thu Sep 17 21:59:31 2015 Control Channel Authentication: tls-auth using INLINE static key file
Thu Sep 17 21:59:31 2015 Outgoing Control Channel Authentication: Using 160 bit message hash 'SHA1' for HMAC authentication
Thu Sep 17 21:59:31 2015 Incoming Control Channel Authentication: Using 160 bit message hash 'SHA1' for HMAC authentication
Thu Sep 17 21:59:31 2015 UDPv4 link local: [undef]
Thu Sep 17 21:59:31 2015 UDPv4 link remote: [AF_INET]52.5.222.14:13725
Thu Sep 17 21:59:31 2015 VERIFY OK: depth=1, O=55d780e8544a921b9043d18c, CN=55d780e8544a921b9043d190
Thu Sep 17 21:59:31 2015 Validating certificate key usage
Thu Sep 17 21:59:31 2015 ++ Certificate has key usage  00a0, expects 00a0
Thu Sep 17 21:59:31 2015 NOTE: --mute triggered...
Thu Sep 17 21:59:36 2015 10 variation(s) on previous 3 message(s) suppressed by --mute
Thu Sep 17 21:59:36 2015 [55d780e9544a921b9043d1a1] Peer Connection Initiated with [AF_INET]52.5.222.14:13725
Thu Sep 17 21:59:39 2015 Preserving previous TUN/TAP instance: tun0
Thu Sep 17 21:59:39 2015 Initialization Sequence Completed
Thu Sep 17 22:04:23 2015 write UDPv4: Network is unreachable (code=101)
Fri Sep 18 08:33:13 2015 [55d780e9544a921b9043d1a1] Inactivity timeout (--ping-restart), restarting
Fri Sep 18 08:33:13 2015 SIGUSR1[soft,ping-restart] received, process restarting
Fri Sep 18 08:33:15 2015 Control Channel Authentication: tls-auth using INLINE static key file
Fri Sep 18 08:33:15 2015 Outgoing Control Channel Authentication: Using 160 bit message hash 'SHA1' for HMAC authentication
Fri Sep 18 08:33:15 2015 Incoming Control Channel Authentication: Using 160 bit message hash 'SHA1' for HMAC authentication
Fri Sep 18 08:33:15 2015 UDPv4 link local: [undef]
Fri Sep 18 08:33:15 2015 UDPv4 link remote: [AF_INET]52.5.222.14:13725
Fri Sep 18 08:33:15 2015 write UDPv4: Network is unreachable (code=101)
Fri Sep 18 08:33:17 2015 write UDPv4: Network is unreachable (code=101)
Fri Sep 18 08:33:19 2015 Server poll timeout, restarting
Fri Sep 18 08:33:19 2015 SIGUSR1[soft,server_poll] received, process restarting
Fri Sep 18 08:33:19 2015 Control Channel Authentication: tls-auth using INLINE static key file
Fri Sep 18 08:33:19 2015 Outgoing Control Channel Authentication: Using 160 bit message hash 'SHA1' for HMAC authentication
Fri Sep 18 08:33:19 2015 Incoming Control Channel Authentication: Using 160 bit message hash 'SHA1' for HMAC authentication
Fri Sep 18 08:33:19 2015 UDPv4 link local: [undef]
Fri Sep 18 08:33:19 2015 UDPv4 link remote: [AF_INET]52.5.222.14:13725
Fri Sep 18 08:33:19 2015 write UDPv4: Network is unreachable (code=101)
Fri Sep 18 08:33:21 2015 write UDPv4: Network is unreachable (code=101)
Fri Sep 18 08:33:23 2015 Server poll timeout, restarting
Fri Sep 18 08:33:23 2015 SIGUSR1[soft,server_poll] received, process restarting
Fri Sep 18 08:33:23 2015 Control Channel Authentication: tls-auth using INLINE static key file
Fri Sep 18 08:33:23 2015 Outgoing Control Channel Authentication: Using 160 bit message hash 'SHA1' for HMAC authentication
Fri Sep 18 08:33:23 2015 Incoming Control Channel Authentication: Using 160 bit message hash 'SHA1' for HMAC authentication
Fri Sep 18 08:33:23 2015 UDPv4 link local: [undef]
Fri Sep 18 08:33:23 2015 UDPv4 link remote: [AF_INET]52.5.222.14:13725
Fri Sep 18 08:33:23 2015 write UDPv4: Network is unreachable (code=101)
Fri Sep 18 08:33:25 2015 VERIFY OK: depth=1, O=55d780e8544a921b9043d18c, CN=55d780e8544a921b9043d190
Fri Sep 18 08:33:25 2015 Validating certificate key usage
Fri Sep 18 08:33:25 2015 ++ Certificate has key usage  00a0, expects 00a0
Fri Sep 18 08:33:25 2015 NOTE: --mute triggered...
Fri Sep 18 08:33:25 2015 10 variation(s) on previous 3 message(s) suppressed by --mute
Fri Sep 18 08:33:25 2015 [55d780e9544a921b9043d1a1] Peer Connection Initiated with [AF_INET]52.5.222.14:13725
Fri Sep 18 08:33:27 2015 Preserving previous TUN/TAP instance: tun0
Fri Sep 18 08:33:27 2015 Initialization Sequence Completed
